0 info it worked if it ends with ok
1 verbose cli [ '/usr/bin/nodejs', '/usr/bin/npm', 'install', '-g', 'cordova' ]
2 info using npm@2.15.11
3 info using node@v4.7.2
4 verbose install initial load of /usr/lib/package.json
5 verbose readDependencies loading dependencies from /usr/lib/package.json
6 silly cache add args [ 'cordova', null ]
7 verbose cache add spec cordova
8 silly cache add parsed spec Result {
8 silly cache add   raw: 'cordova',
8 silly cache add   scope: null,
8 silly cache add   name: 'cordova',
8 silly cache add   rawSpec: '',
8 silly cache add   spec: 'latest',
8 silly cache add   type: 'tag' }
9 silly addNamed cordova@latest
10 verbose addNamed "latest" is being treated as a dist-tag for cordova
11 info addNameTag [ 'cordova', 'latest' ]
12 silly mapToRegistry name cordova
13 silly mapToRegistry using default registry
14 silly mapToRegistry registry https://registry.npmjs.org/
15 silly mapToRegistry data Result {
15 silly mapToRegistry   raw: 'cordova',
15 silly mapToRegistry   scope: null,
15 silly mapToRegistry   name: 'cordova',
15 silly mapToRegistry   rawSpec: '',
15 silly mapToRegistry   spec: 'latest',
15 silly mapToRegistry   type: 'tag' }
16 silly mapToRegistry uri https://registry.npmjs.org/cordova
17 verbose addNameTag registry:https://registry.npmjs.org/cordova not in flight; fetching
18 verbose request uri https://registry.npmjs.org/cordova
19 verbose request no auth needed
20 info attempt registry request try #1 at 17:45:08
21 verbose request id 1d2afe90105ecf43
22 http request GET https://registry.npmjs.org/cordova
23 http 200 https://registry.npmjs.org/cordova
24 verbose headers { server: 'nginx/1.10.1',
24 verbose headers   'content-type': 'application/json',
24 verbose headers   'last-modified': 'Sat, 14 Jan 2017 06:44:19 GMT',
24 verbose headers   etag: 'W/"5879c8c3-10474f"',
24 verbose headers   'content-encoding': 'gzip',
24 verbose headers   'cache-control': 'max-age=300',
24 verbose headers   'content-length': '39728',
24 verbose headers   'accept-ranges': 'bytes',
24 verbose headers   date: 'Sun, 15 Jan 2017 20:45:08 GMT',
24 verbose headers   via: '1.1 varnish',
24 verbose headers   age: '131',
24 verbose headers   connection: 'keep-alive',
24 verbose headers   'x-served-by': 'cache-gru7122-GRU',
24 verbose headers   'x-cache': 'HIT',
24 verbose headers   'x-cache-hits': '1',
24 verbose headers   'x-timer': 'S1484513108.966771,VS0,VE0',
24 verbose headers   vary: 'Accept-Encoding' }
25 silly get cb [ 200,
25 silly get   { server: 'nginx/1.10.1',
25 silly get     'content-type': 'application/json',
25 silly get     'last-modified': 'Sat, 14 Jan 2017 06:44:19 GMT',
25 silly get     etag: 'W/"5879c8c3-10474f"',
25 silly get     'content-encoding': 'gzip',
25 silly get     'cache-control': 'max-age=300',
25 silly get     'content-length': '39728',
25 silly get     'accept-ranges': 'bytes',
25 silly get     date: 'Sun, 15 Jan 2017 20:45:08 GMT',
25 silly get     via: '1.1 varnish',
25 silly get     age: '131',
25 silly get     connection: 'keep-alive',
25 silly get     'x-served-by': 'cache-gru7122-GRU',
25 silly get     'x-cache': 'HIT',
25 silly get     'x-cache-hits': '1',
25 silly get     'x-timer': 'S1484513108.966771,VS0,VE0',
25 silly get     vary: 'Accept-Encoding' } ]
26 verbose get saving cordova to /home/diana/.npm/registry.npmjs.org/cordova/.cache.json
27 verbose correctMkdir /home/diana/.npm correctMkdir not in flight; initializing
28 verbose makeDirectory /home/diana/.npm creation not in flight; initializing
29 silly makeDirectory /home/diana/.npm uid: 1000 gid: 1000
30 silly addNameTag next cb for cordova with tag latest
31 silly addNamed cordova@6.4.0
32 verbose addNamed "6.4.0" is a plain semver version for cordova
33 silly mapToRegistry name cordova
34 silly mapToRegistry using default registry
35 silly mapToRegistry registry https://registry.npmjs.org/
36 silly mapToRegistry data Result {
36 silly mapToRegistry   raw: 'cordova',
36 silly mapToRegistry   scope: null,
36 silly mapToRegistry   name: 'cordova',
36 silly mapToRegistry   rawSpec: '',
36 silly mapToRegistry   spec: 'latest',
36 silly mapToRegistry   type: 'tag' }
37 silly mapToRegistry uri https://registry.npmjs.org/cordova
38 verbose addRemoteTarball https://registry.npmjs.org/cordova/-/cordova-6.4.0.tgz not in flight; adding
39 verbose addRemoteTarball [ 'https://registry.npmjs.org/cordova/-/cordova-6.4.0.tgz',
39 verbose addRemoteTarball   '3fd9e8b9ad77a6a93ec76947704de21ac2991776' ]
40 info retry fetch attempt 1 at 17:45:09
41 info attempt registry request try #1 at 17:45:09
42 http fetch GET https://registry.npmjs.org/cordova/-/cordova-6.4.0.tgz
43 http fetch 200 https://registry.npmjs.org/cordova/-/cordova-6.4.0.tgz
44 silly fetchAndShaCheck shasum 3fd9e8b9ad77a6a93ec76947704de21ac2991776
45 verbose addTmpTarball /tmp/npm-2915-5c7151e1/registry.npmjs.org/cordova/-/cordova-6.4.0.tgz not in flight; adding
46 verbose addTmpTarball already have metadata; skipping unpack for cordova@6.4.0
47 verbose correctMkdir /home/diana/.npm correctMkdir not in flight; initializing
48 silly cache afterAdd cordova@6.4.0
49 verbose afterAdd /home/diana/.npm/cordova/6.4.0/package/package.json not in flight; writing
50 verbose correctMkdir /home/diana/.npm correctMkdir not in flight; initializing
51 verbose afterAdd /home/diana/.npm/cordova/6.4.0/package/package.json written
52 silly install resolved [ { name: 'cordova',
52 silly install resolved     version: '6.4.0',
52 silly install resolved     preferGlobal: 'true',
52 silly install resolved     description: 'Cordova command line interface tool',
52 silly install resolved     main: 'cordova',
52 silly install resolved     engines: { node: '>=4.0.0' },
52 silly install resolved     bin: { cordova: './bin/cordova' },
52 silly install resolved     scripts:
52 silly install resolved      { test: 'node node_modules/jasmine-node/bin/jasmine-node --captureExceptions --color spec',
52 silly install resolved        cover: 'node node_modules/istanbul/lib/cli.js cover --root src --print detail node_modules/jasmine-node/bin/jasmine-node -- spec' },
52 silly install resolved     repository:
52 silly install resolved      { type: 'git',
52 silly install resolved        url: 'https://git-wip-us.apache.org/repos/asf/cordova-cli.git' },
52 silly install resolved     bugs:
52 silly install resolved      { url: 'https://issues.apache.org/jira/browse/CB',
52 silly install resolved        email: 'dev@cordova.apache.org' },
52 silly install resolved     keywords: [ 'cordova', 'client', 'cli' ],
52 silly install resolved     dependencies:
52 silly install resolved      { 'cordova-common': '1.5.x',
52 silly install resolved        'cordova-lib': '6.4.0',
52 silly install resolved        insight: '~0.8.2',
52 silly install resolved        nopt: '3.0.1',
52 silly install resolved        q: '1.0.1',
52 silly install resolved        underscore: '1.7.0',
52 silly install resolved        'update-notifier': '^0.5.0' },
52 silly install resolved     devDependencies: { istanbul: '^0.4.5', 'jasmine-node': '1.14.5' },
52 silly install resolved     author: { name: 'Anis Kadri' },
52 silly install resolved     contributors:
52 silly install resolved      [ [Object],
52 silly install resolved        [Object],
52 silly install resolved        [Object],
52 silly install resolved        [Object],
52 silly install resolved        [Object],
52 silly install resolved        [Object],
52 silly install resolved        [Object],
52 silly install resolved        [Object],
52 silly install resolved        [Object],
52 silly install resolved        [Object],
52 silly install resolved        [Object],
52 silly install resolved        [Object],
52 silly install resolved        [Object],
52 silly install resolved        [Object],
52 silly install resolved        [Object],
52 silly install resolved        [Object],
52 silly install resolved        [Object],
52 silly install resolved        [Object],
52 silly install resolved        [Object],
52 silly install resolved        [Object],
52 silly install resolved        [Object],
52 silly install resolved        [Object],
52 silly install resolved        [Object],
52 silly install resolved        [Object] ],
52 silly install resolved     license: 'Apache-2.0',
52 silly install resolved     _id: 'cordova@6.4.0',
52 silly install resolved     _shasum: '3fd9e8b9ad77a6a93ec76947704de21ac2991776',
52 silly install resolved     _resolved: 'https://registry.npmjs.org/cordova/-/cordova-6.4.0.tgz',
52 silly install resolved     _from: 'cordova@latest',
52 silly install resolved     _npmVersion: '4.0.0',
52 silly install resolved     _nodeVersion: '6.6.0',
52 silly install resolved     _npmUser: { name: 'stevegill', email: 'stevengill97@gmail.com' },
52 silly install resolved     dist:
52 silly install resolved      { shasum: '3fd9e8b9ad77a6a93ec76947704de21ac2991776',
52 silly install resolved        tarball: 'https://registry.npmjs.org/cordova/-/cordova-6.4.0.tgz' },
52 silly install resolved     maintainers:
52 silly install resolved      [ [Object],
52 silly install resolved        [Object],
52 silly install resolved        [Object],
52 silly install resolved        [Object],
52 silly install resolved        [Object],
52 silly install resolved        [Object],
52 silly install resolved        [Object],
52 silly install resolved        [Object],
52 silly install resolved        [Object],
52 silly install resolved        [Object],
52 silly install resolved        [Object],
52 silly install resolved        [Object],
52 silly install resolved        [Object],
52 silly install resolved        [Object],
52 silly install resolved        [Object],
52 silly install resolved        [Object],
52 silly install resolved        [Object],
52 silly install resolved        [Object] ],
52 silly install resolved     _npmOperationalInternal:
52 silly install resolved      { host: 'packages-18-east.internal.npmjs.com',
52 silly install resolved        tmp: 'tmp/cordova-6.4.0.tgz_1477514706896_0.4209229650441557' },
52 silly install resolved     directories: {} } ]
53 info install cordova@6.4.0 into /usr/lib
54 info installOne cordova@6.4.0
55 verbose installOne of cordova to /usr/lib not in flight; installing
56 verbose correctMkdir /home/diana/.npm/_locks correctMkdir not in flight; initializing
57 verbose makeDirectory /home/diana/.npm/_locks creation not in flight; initializing
58 silly makeDirectory /home/diana/.npm/_locks uid: 1000 gid: 1000
59 verbose lock using /home/diana/.npm/_locks/cordova-748ccae172373beb.lock for /usr/lib/node_modules/cordova
60 silly install write writing cordova 6.4.0 to /usr/lib/node_modules/cordova
61 verbose unbuild lib/node_modules/cordova
62 silly gentlyRm /usr/lib/node_modules/cordova is being purged from base /usr
63 verbose gentlyRm don't care about contents; nuking /usr/lib/node_modules/cordova
64 verbose tar unpack /home/diana/.npm/cordova/6.4.0/package.tgz
65 verbose tar unpacking to /usr/lib/node_modules/cordova
66 silly gentlyRm /usr/lib/node_modules/cordova is being purged
67 verbose gentlyRm don't care about contents; nuking /usr/lib/node_modules/cordova
68 silly gunzTarPerm modes [ '775', '664' ]
69 error tar.unpack untar error /home/diana/.npm/cordova/6.4.0/package.tgz
70 verbose unlock done using /home/diana/.npm/_locks/cordova-748ccae172373beb.lock for /usr/lib/node_modules/cordova
71 verbose fstream_path /usr/lib/node_modules/cordova
72 verbose fstream_type Directory
73 verbose fstream_class DirWriter
74 verbose stack Error: EACCES: permission denied, mkdir '/usr/lib/node_modules/cordova'
74 verbose stack     at Error (native)
75 verbose fstream_stack /usr/lib/node_modules/npm/node_modules/fstream/lib/dir-writer.js:35:25
75 verbose fstream_stack /usr/lib/node_modules/npm/node_modules/mkdirp/index.js:47:53
75 verbose fstream_stack FSReqWrap.oncomplete (fs.js:82:15)
76 verbose cwd /home/diana/UTN/4/PPS/TPFinalIonic2016
77 error Linux 4.4.0-59-generic
78 error argv "/usr/bin/nodejs" "/usr/bin/npm" "install" "-g" "cordova"
79 error node v4.7.2
80 error npm  v2.15.11
81 error path /usr/lib/node_modules/cordova
82 error code EACCES
83 error errno -13
84 error syscall mkdir
85 error Error: EACCES: permission denied, mkdir '/usr/lib/node_modules/cordova'
85 error     at Error (native)
85 error  { [Error: EACCES: permission denied, mkdir '/usr/lib/node_modules/cordova']
85 error   errno: -13,
85 error   code: 'EACCES',
85 error   syscall: 'mkdir',
85 error   path: '/usr/lib/node_modules/cordova',
85 error   fstream_type: 'Directory',
85 error   fstream_path: '/usr/lib/node_modules/cordova',
85 error   fstream_class: 'DirWriter',
85 error   fstream_stack:
85 error    [ '/usr/lib/node_modules/npm/node_modules/fstream/lib/dir-writer.js:35:25',
85 error      '/usr/lib/node_modules/npm/node_modules/mkdirp/index.js:47:53',
85 error      'FSReqWrap.oncomplete (fs.js:82:15)' ] }
86 error Please try running this command again as root/Administrator.
87 verbose exit [ -13, true ]
88 verbose unbuild lib/node_modules/cordova
89 silly gentlyRm /usr/lib/node_modules/cordova is being purged from base /usr
90 verbose gentlyRm don't care about contents; nuking /usr/lib/node_modules/cordova
